<?xml version="1.0" encoding="UTF-8"?>
<coverage generated="1636644932375" clover="3.2.0">
  <project timestamp="1636644932375" name="All files">
    <metrics statements="55" coveredstatements="37" conditionals="11" coveredconditionals="1" methods="10" coveredmethods="5" elements="76" coveredelements="43" complexity="0" loc="55" ncloc="55" packages="1" files="3" classes="3"/>
    <file name="checkbox.js" path="C:\Users\Atilla\Desktop\Microverse Project\to-do-list\src\js\checkbox.js">
      <metrics statements="17" coveredstatements="1" conditionals="9" coveredconditionals="0" methods="4" coveredmethods="0"/>
      <line num="1" count="2" type="stmt"/>
      <line num="2" count="0" type="stmt"/>
      <line num="3" count="0" type="stmt"/>
      <line num="7" count="0" type="stmt"/>
      <line num="8" count="0" type="stmt"/>
      <line num="9" count="0" type="cond" truecount="0" falsecount="3"/>
      <line num="11" count="0" type="cond" truecount="0" falsecount="2"/>
      <line num="12" count="0" type="stmt"/>
      <line num="13" count="0" type="stmt"/>
      <line num="14" count="0" type="cond" truecount="0" falsecount="2"/>
      <line num="15" count="0" type="stmt"/>
      <line num="16" count="0" type="stmt"/>
      <line num="20" count="0" type="stmt"/>
      <line num="21" count="0" type="stmt"/>
      <line num="22" count="0" type="cond" truecount="0" falsecount="2"/>
      <line num="23" count="0" type="stmt"/>
      <line num="24" count="0" type="stmt"/>
    </file>
    <file name="delete.js" path="C:\Users\Atilla\Desktop\Microverse Project\to-do-list\src\js\delete.js">
      <metrics statements="10" coveredstatements="10" conditionals="0" coveredconditionals="0" methods="4" coveredmethods="3"/>
      <line num="3" count="1" type="stmt"/>
      <line num="4" count="1" type="stmt"/>
      <line num="5" count="1" type="stmt"/>
      <line num="6" count="1" type="stmt"/>
      <line num="7" count="1" type="stmt"/>
      <line num="11" count="3" type="stmt"/>
      <line num="12" count="2" type="stmt"/>
      <line num="13" count="2" type="stmt"/>
      <line num="14" count="2" type="stmt"/>
      <line num="15" count="2" type="stmt"/>
    </file>
    <file name="functionality.js" path="C:\Users\Atilla\Desktop\Microverse Project\to-do-list\src\js\functionality.js">
      <metrics statements="28" coveredstatements="26" conditionals="2" coveredconditionals="1" methods="2" coveredmethods="2"/>
      <line num="4" count="4" type="stmt"/>
      <line num="5" count="4" type="stmt"/>
      <line num="6" count="4" type="stmt"/>
      <line num="8" count="4" type="stmt"/>
      <line num="9" count="3" type="stmt"/>
      <line num="10" count="3" type="stmt"/>
      <line num="11" count="3" type="cond" truecount="1" falsecount="1"/>
      <line num="12" count="0" type="stmt"/>
      <line num="14" count="3" type="stmt"/>
      <line num="16" count="3" type="stmt"/>
      <line num="17" count="3" type="stmt"/>
      <line num="18" count="3" type="stmt"/>
      <line num="19" count="3" type="stmt"/>
      <line num="21" count="3" type="stmt"/>
      <line num="22" count="3" type="stmt"/>
      <line num="23" count="3" type="stmt"/>
      <line num="25" count="3" type="stmt"/>
      <line num="26" count="3" type="stmt"/>
      <line num="27" count="3" type="stmt"/>
      <line num="28" count="3" type="stmt"/>
      <line num="29" count="3" type="stmt"/>
      <line num="30" count="3" type="stmt"/>
      <line num="31" count="3" type="stmt"/>
      <line num="32" count="3" type="stmt"/>
      <line num="33" count="3" type="stmt"/>
      <line num="34" count="3" type="stmt"/>
      <line num="36" count="4" type="stmt"/>
      <line num="37" count="0" type="stmt"/>
    </file>
  </project>
</coverage>
