{"C:\\Users\\Atilla\\Desktop\\Microverse Project\\to-do-list\\src\\js\\checkbox.js": {"path":"C:\\Users\\Atilla\\Desktop\\Microverse Project\\to-do-list\\src\\js\\checkbox.js","statementMap":{"0":{"start":{"line":1,"column":27},"end":{"line":4,"column":1}},"1":{"start":{"line":2,"column":2},"end":{"line":2,"column":23}},"2":{"start":{"line":3,"column":2},"end":{"line":3,"column":57}},"3":{"start":{"line":7,"column":2},"end":{"line":29,"column":5}},"4":{"start":{"line":8,"column":4},"end":{"line":28,"column":7}},"5":{"start":{"line":9,"column":22},"end":{"line":9,"column":68}},"6":{"start":{"line":11,"column":6},"end":{"line":27,"column":7}},"7":{"start":{"line":12,"column":8},"end":{"line":12,"column":38}},"8":{"start":{"line":13,"column":8},"end":{"line":18,"column":9}},"9":{"start":{"line":13,"column":21},"end":{"line":13,"column":22}},"10":{"start":{"line":14,"column":10},"end":{"line":17,"column":11}},"11":{"start":{"line":15,"column":12},"end":{"line":15,"column":41}},"12":{"start":{"line":16,"column":12},"end":{"line":16,"column":34}},"13":{"start":{"line":20,"column":8},"end":{"line":20,"column":34}},"14":{"start":{"line":21,"column":8},"end":{"line":26,"column":9}},"15":{"start":{"line":21,"column":21},"end":{"line":21,"column":22}},"16":{"start":{"line":22,"column":10},"end":{"line":25,"column":11}},"17":{"start":{"line":23,"column":12},"end":{"line":23,"column":42}},"18":{"start":{"line":24,"column":12},"end":{"line":24,"column":34}}},"fnMap":{"0":{"name":"(anonymous_0)","decl":{"start":{"line":1,"column":27},"end":{"line":1,"column":28}},"loc":{"start":{"line":1,"column":40},"end":{"line":4,"column":1}},"line":1},"1":{"name":"checkList","decl":{"start":{"line":6,"column":16},"end":{"line":6,"column":25}},"loc":{"start":{"line":6,"column":43},"end":{"line":30,"column":1}},"line":6},"2":{"name":"(anonymous_2)","decl":{"start":{"line":7,"column":16},"end":{"line":7,"column":17}},"loc":{"start":{"line":7,"column":23},"end":{"line":29,"column":3}},"line":7},"3":{"name":"(anonymous_3)","decl":{"start":{"line":8,"column":33},"end":{"line":8,"column":34}},"loc":{"start":{"line":8,"column":40},"end":{"line":28,"column":5}},"line":8}},"branchMap":{"0":{"loc":{"start":{"line":9,"column":22},"end":{"line":9,"column":68}},"type":"binary-expr","locations":[{"start":{"line":9,"column":22},"end":{"line":9,"column":28}},{"start":{"line":9,"column":33},"end":{"line":9,"column":47}},{"start":{"line":9,"column":51},"end":{"line":9,"column":67}}],"line":9},"1":{"loc":{"start":{"line":11,"column":6},"end":{"line":27,"column":7}},"type":"if","locations":[{"start":{"line":11,"column":6},"end":{"line":27,"column":7}},{"start":{"line":19,"column":13},"end":{"line":27,"column":7}}],"line":11},"2":{"loc":{"start":{"line":14,"column":10},"end":{"line":17,"column":11}},"type":"if","locations":[{"start":{"line":14,"column":10},"end":{"line":17,"column":11}},{"start":{},"end":{}}],"line":14},"3":{"loc":{"start":{"line":22,"column":10},"end":{"line":25,"column":11}},"type":"if","locations":[{"start":{"line":22,"column":10},"end":{"line":25,"column":11}},{"start":{},"end":{}}],"line":22}},"s":{"0":2,"1":0,"2":0,"3":0,"4":0,"5":0,"6":0,"7":0,"8":0,"9":0,"10":0,"11":0,"12":0,"13":0,"14":0,"15":0,"16":0,"17":0,"18":0},"f":{"0":0,"1":0,"2":0,"3":0},"b":{"0":[0,0,0],"1":[0,0],"2":[0,0],"3":[0,0]},"_coverageSchema":"1a1c01bbd47fc00a2c39e90264f33305004495a9","hash":"9e078e91a79949693ce158a46cbda675b0f7b3eb"}
,"C:\\Users\\Atilla\\Desktop\\Microverse Project\\to-do-list\\src\\js\\delete.js": {"path":"C:\\Users\\Atilla\\Desktop\\Microverse Project\\to-do-list\\src\\js\\delete.js","statementMap":{"0":{"start":{"line":3,"column":28},"end":{"line":8,"column":1}},"1":{"start":{"line":4,"column":2},"end":{"line":4,"column":61}},"2":{"start":{"line":4,"column":37},"end":{"line":4,"column":59}},"3":{"start":{"line":5,"column":2},"end":{"line":5,"column":23}},"4":{"start":{"line":6,"column":2},"end":{"line":6,"column":27}},"5":{"start":{"line":7,"column":2},"end":{"line":7,"column":18}},"6":{"start":{"line":11,"column":16},"end":{"line":11,"column":68}},"7":{"start":{"line":11,"column":45},"end":{"line":11,"column":67}},"8":{"start":{"line":12,"column":2},"end":{"line":12,"column":28}},"9":{"start":{"line":13,"column":2},"end":{"line":13,"column":23}},"10":{"start":{"line":14,"column":2},"end":{"line":14,"column":27}},"11":{"start":{"line":15,"column":2},"end":{"line":15,"column":18}}},"fnMap":{"0":{"name":"(anonymous_0)","decl":{"start":{"line":3,"column":28},"end":{"line":3,"column":29}},"loc":{"start":{"line":3,"column":42},"end":{"line":8,"column":1}},"line":3},"1":{"name":"(anonymous_1)","decl":{"start":{"line":4,"column":29},"end":{"line":4,"column":30}},"loc":{"start":{"line":4,"column":37},"end":{"line":4,"column":59}},"line":4},"2":{"name":"deleteTaskIm","decl":{"start":{"line":10,"column":16},"end":{"line":10,"column":28}},"loc":{"start":{"line":10,"column":51},"end":{"line":16,"column":1}},"line":10},"3":{"name":"(anonymous_3)","decl":{"start":{"line":11,"column":35},"end":{"line":11,"column":36}},"loc":{"start":{"line":11,"column":45},"end":{"line":11,"column":67}},"line":11}},"branchMap":{},"s":{"0":1,"1":1,"2":0,"3":1,"4":1,"5":1,"6":2,"7":3,"8":2,"9":2,"10":2,"11":2},"f":{"0":1,"1":0,"2":2,"3":3},"b":{},"_coverageSchema":"1a1c01bbd47fc00a2c39e90264f33305004495a9","hash":"7ca0f9a54adae66eac207b11a29086b1be03666a"}
,"C:\\Users\\Atilla\\Desktop\\Microverse Project\\to-do-list\\src\\js\\functionality.js": {"path":"C:\\Users\\Atilla\\Desktop\\Microverse Project\\to-do-list\\src\\js\\functionality.js","statementMap":{"0":{"start":{"line":4,"column":25},"end":{"line":4,"column":61}},"1":{"start":{"line":5,"column":2},"end":{"line":5,"column":32}},"2":{"start":{"line":6,"column":20},"end":{"line":6,"column":48}},"3":{"start":{"line":8,"column":2},"end":{"line":35,"column":5}},"4":{"start":{"line":9,"column":22},"end":{"line":9,"column":50}},"5":{"start":{"line":10,"column":4},"end":{"line":10,"column":45}},"6":{"start":{"line":11,"column":4},"end":{"line":15,"column":5}},"7":{"start":{"line":12,"column":6},"end":{"line":12,"column":35}},"8":{"start":{"line":14,"column":6},"end":{"line":14,"column":31}},"9":{"start":{"line":16,"column":25},"end":{"line":16,"column":56}},"10":{"start":{"line":17,"column":4},"end":{"line":17,"column":27}},"11":{"start":{"line":18,"column":4},"end":{"line":18,"column":35}},"12":{"start":{"line":19,"column":4},"end":{"line":19,"column":35}},"13":{"start":{"line":21,"column":24},"end":{"line":21,"column":54}},"14":{"start":{"line":22,"column":4},"end":{"line":22,"column":26}},"15":{"start":{"line":23,"column":26},"end":{"line":23,"column":58}},"16":{"start":{"line":25,"column":4},"end":{"line":25,"column":39}},"17":{"start":{"line":26,"column":4},"end":{"line":26,"column":40}},"18":{"start":{"line":27,"column":4},"end":{"line":27,"column":42}},"19":{"start":{"line":28,"column":4},"end":{"line":28,"column":39}},"20":{"start":{"line":29,"column":4},"end":{"line":29,"column":41}},"21":{"start":{"line":30,"column":4},"end":{"line":30,"column":28}},"22":{"start":{"line":31,"column":4},"end":{"line":31,"column":68}},"23":{"start":{"line":32,"column":4},"end":{"line":32,"column":68}},"24":{"start":{"line":33,"column":4},"end":{"line":33,"column":37}},"25":{"start":{"line":34,"column":4},"end":{"line":34,"column":42}},"26":{"start":{"line":36,"column":2},"end":{"line":36,"column":21}},"27":{"start":{"line":37,"column":2},"end":{"line":37,"column":27}}},"fnMap":{"0":{"name":"createTask","decl":{"start":{"line":3,"column":24},"end":{"line":3,"column":34}},"loc":{"start":{"line":3,"column":48},"end":{"line":38,"column":1}},"line":3},"1":{"name":"(anonymous_1)","decl":{"start":{"line":8,"column":22},"end":{"line":8,"column":23}},"loc":{"start":{"line":8,"column":29},"end":{"line":35,"column":3}},"line":8}},"branchMap":{"0":{"loc":{"start":{"line":11,"column":4},"end":{"line":15,"column":5}},"type":"if","locations":[{"start":{"line":11,"column":4},"end":{"line":15,"column":5}},{"start":{"line":13,"column":11},"end":{"line":15,"column":5}}],"line":11}},"s":{"0":4,"1":4,"2":4,"3":4,"4":3,"5":3,"6":3,"7":0,"8":3,"9":3,"10":3,"11":3,"12":3,"13":3,"14":3,"15":3,"16":3,"17":3,"18":3,"19":3,"20":3,"21":3,"22":3,"23":3,"24":3,"25":3,"26":4,"27":0},"f":{"0":4,"1":3},"b":{"0":[0,3]},"_coverageSchema":"1a1c01bbd47fc00a2c39e90264f33305004495a9","hash":"464d9f22814644a7f1771aff763e6b293d5c9e55"}
}
