TN:
SF:src\js\checkbox.js
FN:1,(anonymous_0)
FN:6,checkList
FN:7,(anonymous_2)
FN:8,(anonymous_3)
FNF:4
FNH:0
FNDA:0,(anonymous_0)
FNDA:0,checkList
FNDA:0,(anonymous_2)
FNDA:0,(anonymous_3)
DA:1,2
DA:2,0
DA:3,0
DA:7,0
DA:8,0
DA:9,0
DA:11,0
DA:12,0
DA:13,0
DA:14,0
DA:15,0
DA:16,0
DA:20,0
DA:21,0
DA:22,0
DA:23,0
DA:24,0
LF:17
LH:1
BRDA:9,0,0,0
BRDA:9,0,1,0
BRDA:9,0,2,0
BRDA:11,1,0,0
BRDA:11,1,1,0
BRDA:14,2,0,0
BRDA:14,2,1,0
BRDA:22,3,0,0
BRDA:22,3,1,0
BRF:9
BRH:0
end_of_record
TN:
SF:src\js\delete.js
FN:3,(anonymous_0)
FN:4,(anonymous_1)
FN:10,deleteTaskIm
FN:11,(anonymous_3)
FNF:4
FNH:3
FNDA:1,(anonymous_0)
FNDA:0,(anonymous_1)
FNDA:2,deleteTaskIm
FNDA:3,(anonymous_3)
DA:3,1
DA:4,1
DA:5,1
DA:6,1
DA:7,1
DA:11,3
DA:12,2
DA:13,2
DA:14,2
DA:15,2
LF:10
LH:10
BRF:0
BRH:0
end_of_record
TN:
SF:src\js\functionality.js
FN:3,createTask
FN:8,(anonymous_1)
FNF:2
FNH:2
FNDA:4,createTask
FNDA:3,(anonymous_1)
DA:4,4
DA:5,4
DA:6,4
DA:8,4
DA:9,3
DA:10,3
DA:11,3
DA:12,0
DA:14,3
DA:16,3
DA:17,3
DA:18,3
DA:19,3
DA:21,3
DA:22,3
DA:23,3
DA:25,3
DA:26,3
DA:27,3
DA:28,3
DA:29,3
DA:30,3
DA:31,3
DA:32,3
DA:33,3
DA:34,3
DA:36,4
DA:37,0
LF:28
LH:26
BRDA:11,0,0,0
BRDA:11,0,1,3
BRF:2
BRH:1
end_of_record
